{
  "RSpec": {
    "coverage": {
      "/home/rails-12/rails_work/bowling_game/config/environment.rb": {
        "lines": [
          null,
          1,
          null,
          null,
          1
        ]
      },
      "/home/rails-12/rails_work/bowling_game/config/application.rb": {
        "lines": [
          1,
          null,
          1,
          null,
          null,
          null,
          1,
          null,
          1,
          1,
          null,
          1,
          null,
          null,
          null,
          null,
          null,
          null,
          null,
          null,
          null,
          null
        ]
      },
      "/home/rails-12/rails_work/bowling_game/config/boot.rb": {
        "lines": [
          1,
          null,
          1,
          1
        ]
      },
      "/home/rails-12/rails_work/bowling_game/config/environments/test.rb": {
        "lines": [
          1,
          null,
          null,
          null,
          null,
          null,
          null,
          1,
          null,
          null,
          null,
          1,
          null,
          null,
          null,
          null,
          1,
          null,
          null,
          1,
          1,
          null,
          null,
          null,
          null,
          1,
          1,
          1,
          null,
          null,
          1,
          null,
          null,
          1,
          null,
          null,
          1,
          null,
          1,
          null,
          null,
          null,
          null,
          1,
          null,
          null,
          1,
          null,
          null,
          1,
          null,
          null,
          1,
          null,
          null,
          null,
          null,
          null,
          null,
          null
        ]
      },
      "/home/rails-12/rails_work/bowling_game/config/initializers/assets.rb": {
        "lines": [
          null,
          null,
          null,
          1,
          null,
          null,
          null,
          null,
          null,
          null,
          null,
          null
        ]
      },
      "/home/rails-12/rails_work/bowling_game/config/initializers/content_security_policy.rb": {
        "lines": [
          null,
          null,
          null,
          null,
          null,
          null,
          null,
          null,
          null,
          null,
          null,
          null,
          null,
          null,
          null,
          null,
          null,
          null,
          null,
          null,
          null,
          null,
          null,
          null,
          null
        ]
      },
      "/home/rails-12/rails_work/bowling_game/config/initializers/filter_parameter_logging.rb": {
        "lines": [
          null,
          null,
          null,
          null,
          null,
          1,
          null,
          null
        ]
      },
      "/home/rails-12/rails_work/bowling_game/config/initializers/inflections.rb": {
        "lines": [
          null,
          null,
          null,
          null,
          null,
          null,
          null,
          null,
          null,
          null,
          null,
          null,
          null,
          null,
          null,
          null
        ]
      },
      "/home/rails-12/rails_work/bowling_game/config/initializers/permissions_policy.rb": {
        "lines": [
          null,
          null,
          null,
          null,
          null,
          null,
          null,
          null,
          null,
          null,
          null
        ]
      },
      "/home/rails-12/rails_work/bowling_game/spec/factories/chances.rb": {
        "lines": [
          1,
          1,
          1,
          1,
          1,
          1,
          null,
          null
        ]
      },
      "/home/rails-12/rails_work/bowling_game/spec/factories/frames.rb": {
        "lines": [
          1,
          1,
          1,
          1,
          1,
          null,
          1,
          1,
          null,
          null,
          null
        ]
      },
      "/home/rails-12/rails_work/bowling_game/spec/factories/games.rb": {
        "lines": [
          1,
          1,
          4,
          null,
          null
        ]
      },
      "/home/rails-12/rails_work/bowling_game/config/routes.rb": {
        "lines": [
          1,
          1,
          null
        ]
      },
      "/home/rails-12/rails_work/bowling_game/app/helpers/application_helper.rb": {
        "lines": [
          1,
          null
        ]
      },
      "/home/rails-12/rails_work/bowling_game/app/helpers/games_helper.rb": {
        "lines": [
          1,
          null
        ]
      },
      "/home/rails-12/rails_work/bowling_game/app/controllers/games_controller.rb": {
        "lines": [
          1,
          1,
          null,
          1,
          4,
          4,
          4,
          4,
          1,
          3,
          1,
          null,
          2,
          null,
          4,
          4,
          4,
          4,
          null,
          4,
          null,
          null,
          1,
          null,
          1,
          4,
          4,
          4,
          4,
          4,
          null,
          null
        ]
      },
      "/home/rails-12/rails_work/bowling_game/app/controllers/application_controller.rb": {
        "lines": [
          1,
          1,
          null
        ]
      },
      "/home/rails-12/rails_work/bowling_game/app/models/game.rb": {
        "lines": [
          1,
          1,
          1,
          null,
          1,
          3,
          30,
          null,
          null,
          null
        ]
      },
      "/home/rails-12/rails_work/bowling_game/app/models/application_record.rb": {
        "lines": [
          1,
          1,
          null
        ]
      },
      "/home/rails-12/rails_work/bowling_game/app/models/frame.rb": {
        "lines": [
          1,
          1,
          1,
          1,
          null,
          1,
          30,
          3,
          9,
          null,
          null,
          27,
          54,
          null,
          null,
          null,
          null
        ]
      },
      "/home/rails-12/rails_work/bowling_game/app/models/chance.rb": {
        "lines": [
          1,
          1,
          null
        ]
      }
    },
    "timestamp": 1713360676
  }
}
